<?xml version="1.0" encoding="UTF-8"?>
<!-- Generated by org.testng.reporters.JUnitXMLReporter -->
<testsuite ignored="0" hostname="Dinesh" failures="0" tests="14" name="Test" time="2228.905" errors="0" timestamp="2024-03-15T15:42:30 IST">
  <testcase classname="pack.GreenAdd_Products_From_InSide" name="Login" time="11.271"/>
  <testcase classname="pack.GreenAdd_Products_From_InSide" name="Greens_addProducts_Test_1_Inside" time="393.229"/>
  <testcase classname="pack.LoginCart" name="validLoginTest" time="22.461"/>
  <testcase classname="pack.LoginCart" name="invalidLoginTest" time="50.104"/>
  <testcase classname="pack.GreenAdd_Products_From_OutSide_2" name="Login" time="11.041"/>
  <testcase classname="pack.GreenAdd_Products_From_OutSide_2" name="Greens_addProductsTest_OutSide_2" time="233.511"/>
  <testcase classname="pack.Proceed_Buying" name="Login" time="11.188"/>
  <testcase classname="pack.Proceed_Buying" name="Proceed_Buy_Valid_Data" time="15.531"/>
  <testcase classname="pack.Getting_GreenProduct_Title" name="Login" time="11.423"/>
  <testcase classname="pack.Getting_GreenProduct_Title" name="Green_Getting_Title" time="25.245"/>
  <testcase classname="pack.RemoveProducts_FromCart" name="Login" time="11.314"/>
  <testcase classname="pack.RemoveProducts_FromCart" name="RemoveProducts_From_Cart" time="32.694"/>
  <testcase classname="pack.GreenAdd_Products_From_OutSide_1" name="Login" time="11.166"/>
  <testcase classname="pack.GreenAdd_Products_From_OutSide_1" name="Greens_addProducts_Test_1_OutSide" time="387.446"/>
</testsuite> <!-- Test -->
